Analysis & Synthesis report for my-cpu
Wed Jun 05 18:49:00 2019
Quartus Prime Version 17.1.0 Build 590 10/25/2017 SJ Lite Edition


---------------------
; Table of Contents ;
---------------------
  1. Legal Notice
  2. Analysis & Synthesis Summary
  3. Analysis & Synthesis Settings
  4. Parallel Compilation
  5. Analysis & Synthesis Source Files Read
  6. Analysis & Synthesis Resource Usage Summary
  7. Analysis & Synthesis Resource Utilization by Entity
  8. State Machine - |my-cpu|control_unit:inst1|state
  9. State Machine - |my-cpu|control_unit:inst1|lifecycle
 10. User-Specified and Inferred Latches
 11. Registers Removed During Synthesis
 12. General Register Statistics
 13. Inverted Register Statistics
 14. Multiplexer Restructuring Statistics (Restructuring Performed)
 15. Post-Synthesis Netlist Statistics for Top Partition
 16. Elapsed Time Per Partition
 17. Analysis & Synthesis Messages



----------------
; Legal Notice ;
----------------
Copyright (C) 2017  Intel Corporation. All rights reserved.
Your use of Intel Corporation's design tools, logic functions 
and other software and tools, and its AMPP partner logic 
functions, and any output files from any of the foregoing 
(including device programming or simulation files), and any 
associated documentation or information are expressly subject 
to the terms and conditions of the Intel Program License 
Subscription Agreement, the Intel Quartus Prime License Agreement,
the Intel FPGA IP License Agreement, or other applicable license
agreement, including, without limitation, that your use is for
the sole purpose of programming logic devices manufactured by
Intel and sold by Intel or its authorized distributors.  Please
refer to the applicable agreement for further details.



+----------------------------------------------------------------------------------+
; Analysis & Synthesis Summary                                                     ;
+------------------------------------+---------------------------------------------+
; Analysis & Synthesis Status        ; Successful - Wed Jun 05 18:49:00 2019       ;
; Quartus Prime Version              ; 17.1.0 Build 590 10/25/2017 SJ Lite Edition ;
; Revision Name                      ; my-cpu                                      ;
; Top-level Entity Name              ; my-cpu                                      ;
; Family                             ; Cyclone IV GX                               ;
; Total logic elements               ; 691                                         ;
;     Total combinational functions  ; 561                                         ;
;     Dedicated logic registers      ; 172                                         ;
; Total registers                    ; 172                                         ;
; Total pins                         ; 71                                          ;
; Total virtual pins                 ; 0                                           ;
; Total memory bits                  ; 0                                           ;
; Embedded Multiplier 9-bit elements ; 0                                           ;
; Total GXB Receiver Channel PCS     ; 0                                           ;
; Total GXB Receiver Channel PMA     ; 0                                           ;
; Total GXB Transmitter Channel PCS  ; 0                                           ;
; Total GXB Transmitter Channel PMA  ; 0                                           ;
; Total PLLs                         ; 0                                           ;
+------------------------------------+---------------------------------------------+


+----------------------------------------------------------------------------------------------------------------------+
; Analysis & Synthesis Settings                                                                                        ;
+----------------------------------------------------------------------------+--------------------+--------------------+
; Option                                                                     ; Setting            ; Default Value      ;
+----------------------------------------------------------------------------+--------------------+--------------------+
; Top-level entity name                                                      ; my-cpu             ; my-cpu             ;
; Family name                                                                ; Cyclone IV GX      ; Cyclone V          ;
; Use smart compilation                                                      ; Off                ; Off                ;
; Enable parallel Assembler and TimeQuest Timing Analyzer during compilation ; On                 ; On                 ;
; Enable compact report table                                                ; Off                ; Off                ;
; Restructure Multiplexers                                                   ; Auto               ; Auto               ;
; Create Debugging Nodes for IP Cores                                        ; Off                ; Off                ;
; Preserve fewer node names                                                  ; On                 ; On                 ;
; Intel FPGA IP Evaluation Mode                                              ; Enable             ; Enable             ;
; Verilog Version                                                            ; Verilog_2001       ; Verilog_2001       ;
; VHDL Version                                                               ; VHDL_1993          ; VHDL_1993          ;
; State Machine Processing                                                   ; Auto               ; Auto               ;
; Safe State Machine                                                         ; Off                ; Off                ;
; Extract Verilog State Machines                                             ; On                 ; On                 ;
; Extract VHDL State Machines                                                ; On                 ; On                 ;
; Ignore Verilog initial constructs                                          ; Off                ; Off                ;
; Iteration limit for constant Verilog loops                                 ; 5000               ; 5000               ;
; Iteration limit for non-constant Verilog loops                             ; 250                ; 250                ;
; Add Pass-Through Logic to Inferred RAMs                                    ; On                 ; On                 ;
; Infer RAMs from Raw Logic                                                  ; On                 ; On                 ;
; Parallel Synthesis                                                         ; On                 ; On                 ;
; DSP Block Balancing                                                        ; Auto               ; Auto               ;
; NOT Gate Push-Back                                                         ; On                 ; On                 ;
; Power-Up Don't Care                                                        ; On                 ; On                 ;
; Remove Redundant Logic Cells                                               ; Off                ; Off                ;
; Remove Duplicate Registers                                                 ; On                 ; On                 ;
; Ignore CARRY Buffers                                                       ; Off                ; Off                ;
; Ignore CASCADE Buffers                                                     ; Off                ; Off                ;
; Ignore GLOBAL Buffers                                                      ; Off                ; Off                ;
; Ignore ROW GLOBAL Buffers                                                  ; Off                ; Off                ;
; Ignore LCELL Buffers                                                       ; Off                ; Off                ;
; Ignore SOFT Buffers                                                        ; On                 ; On                 ;
; Limit AHDL Integers to 32 Bits                                             ; Off                ; Off                ;
; Optimization Technique                                                     ; Balanced           ; Balanced           ;
; Carry Chain Length                                                         ; 70                 ; 70                 ;
; Auto Carry Chains                                                          ; On                 ; On                 ;
; Auto Open-Drain Pins                                                       ; On                 ; On                 ;
; Perform WYSIWYG Primitive Resynthesis                                      ; Off                ; Off                ;
; Auto ROM Replacement                                                       ; On                 ; On                 ;
; Auto RAM Replacement                                                       ; On                 ; On                 ;
; Auto DSP Block Replacement                                                 ; On                 ; On                 ;
; Auto Shift Register Replacement                                            ; Auto               ; Auto               ;
; Allow Shift Register Merging across Hierarchies                            ; Auto               ; Auto               ;
; Auto Clock Enable Replacement                                              ; On                 ; On                 ;
; Strict RAM Replacement                                                     ; Off                ; Off                ;
; Allow Synchronous Control Signals                                          ; On                 ; On                 ;
; Force Use of Synchronous Clear Signals                                     ; Off                ; Off                ;
; Auto RAM Block Balancing                                                   ; On                 ; On                 ;
; Auto RAM to Logic Cell Conversion                                          ; Off                ; Off                ;
; Auto Resource Sharing                                                      ; Off                ; Off                ;
; Allow Any RAM Size For Recognition                                         ; Off                ; Off                ;
; Allow Any ROM Size For Recognition                                         ; Off                ; Off                ;
; Allow Any Shift Register Size For Recognition                              ; Off                ; Off                ;
; Use LogicLock Constraints during Resource Balancing                        ; On                 ; On                 ;
; Ignore translate_off and synthesis_off directives                          ; Off                ; Off                ;
; Timing-Driven Synthesis                                                    ; On                 ; On                 ;
; Report Parameter Settings                                                  ; On                 ; On                 ;
; Report Source Assignments                                                  ; On                 ; On                 ;
; Report Connectivity Checks                                                 ; On                 ; On                 ;
; Ignore Maximum Fan-Out Assignments                                         ; Off                ; Off                ;
; Synchronization Register Chain Length                                      ; 2                  ; 2                  ;
; Power Optimization During Synthesis                                        ; Normal compilation ; Normal compilation ;
; HDL message level                                                          ; Level2             ; Level2             ;
; Suppress Register Optimization Related Messages                            ; Off                ; Off                ;
; Number of Removed Registers Reported in Synthesis Report                   ; 5000               ; 5000               ;
; Number of Swept Nodes Reported in Synthesis Report                         ; 5000               ; 5000               ;
; Number of Inverted Registers Reported in Synthesis Report                  ; 100                ; 100                ;
; Clock MUX Protection                                                       ; On                 ; On                 ;
; Auto Gated Clock Conversion                                                ; Off                ; Off                ;
; Block Design Naming                                                        ; Auto               ; Auto               ;
; SDC constraint protection                                                  ; Off                ; Off                ;
; Synthesis Effort                                                           ; Auto               ; Auto               ;
; Shift Register Replacement - Allow Asynchronous Clear Signal               ; On                 ; On                 ;
; Pre-Mapping Resynthesis Optimization                                       ; Off                ; Off                ;
; Analysis & Synthesis Message Level                                         ; Medium             ; Medium             ;
; Disable Register Merging Across Hierarchies                                ; Auto               ; Auto               ;
; Resource Aware Inference For Block RAM                                     ; On                 ; On                 ;
+----------------------------------------------------------------------------+--------------------+--------------------+


+------------------------------------------+
; Parallel Compilation                     ;
+----------------------------+-------------+
; Processors                 ; Number      ;
+----------------------------+-------------+
; Number detected on machine ; 4           ;
; Maximum allowed            ; 2           ;
;                            ;             ;
; Average used               ; 1.00        ;
; Maximum used               ; 2           ;
;                            ;             ;
; Usage by Processor         ; % Time Used ;
;     Processor 1            ; 100.0%      ;
;     Processor 2            ;   0.0%      ;
+----------------------------+-------------+


+--------------------------------------------------------------------------------------------------------------------------------------------------------------------------+
; Analysis & Synthesis Source Files Read                                                                                                                                   ;
+------------------------------------+-----------------+------------------------------------+--------------------------------------------------------------------+---------+
; File Name with User-Entered Path   ; Used in Netlist ; File Type                          ; File Name with Absolute Path                                       ; Library ;
+------------------------------------+-----------------+------------------------------------+--------------------------------------------------------------------+---------+
; ../registers.vhdl                  ; yes             ; User VHDL File                     ; C:/Users/arkad/Projects/EDA/my-cpu/registers.vhdl                  ;         ;
; ../memory_integration_circuit.vhdl ; yes             ; User VHDL File                     ; C:/Users/arkad/Projects/EDA/my-cpu/memory_integration_circuit.vhdl ;         ;
; ../control_unit.vhdl               ; yes             ; User VHDL File                     ; C:/Users/arkad/Projects/EDA/my-cpu/control_unit.vhdl               ;         ;
; ../alu.vhdl                        ; yes             ; User VHDL File                     ; C:/Users/arkad/Projects/EDA/my-cpu/alu.vhdl                        ;         ;
; my-cpu.bdf                         ; yes             ; User Block Diagram/Schematic File  ; C:/Users/arkad/Projects/EDA/my-cpu/quartus/my-cpu.bdf              ;         ;
; ../ram.vhdl                        ; yes             ; User VHDL File                     ; C:/Users/arkad/Projects/EDA/my-cpu/ram.vhdl                        ;         ;
+------------------------------------+-----------------+------------------------------------+--------------------------------------------------------------------+---------+


+---------------------------------------------+
; Analysis & Synthesis Resource Usage Summary ;
+--------------------------+------------------+
; Resource                 ; Usage            ;
+--------------------------+------------------+
; I/O pins                 ; 71               ;
;                          ;                  ;
; DSP block 9-bit elements ; 0                ;
;                          ;                  ;
; Maximum fan-out node     ; CLK~input        ;
; Maximum fan-out          ; 172              ;
; Total fan-out            ; 2728             ;
; Average fan-out          ; 3.01             ;
+--------------------------+------------------+


+------------------------------------------------------------------------------------------------------------------------------------------------------------------------------------------------------------------------------+
; Analysis & Synthesis Resource Utilization by Entity                                                                                                                                                                          ;
+----------------------------+---------------------+---------------------------+-------------+--------------+---------+-----------+-----------+------+--------------+----------------------------+--------------+--------------+
; Compilation Hierarchy Node ; Combinational ALUTs ; Dedicated Logic Registers ; Memory Bits ; DSP Elements ; DSP 9x9 ; DSP 18x18 ; DSP 36x36 ; Pins ; Virtual Pins ; Full Hierarchy Name        ; Entity Name  ; Library Name ;
+----------------------------+---------------------+---------------------------+-------------+--------------+---------+-----------+-----------+------+--------------+----------------------------+--------------+--------------+
; |my-cpu                    ; 561 (0)             ; 172 (0)                   ; 0           ; 0            ; 0       ; 0         ; 0         ; 71   ; 0            ; |my-cpu                    ; my-cpu       ; work         ;
;    |ALU:inst|              ; 175 (175)           ; 0 (0)                     ; 0           ; 0            ; 0       ; 0         ; 0         ; 0    ; 0            ; |my-cpu|ALU:inst           ; ALU          ; work         ;
;    |control_unit:inst1|    ; 32 (32)             ; 8 (8)                     ; 0           ; 0            ; 0       ; 0         ; 0         ; 0    ; 0            ; |my-cpu|control_unit:inst1 ; control_unit ; work         ;
;    |registers:inst3|       ; 354 (354)           ; 164 (164)                 ; 0           ; 0            ; 0       ; 0         ; 0         ; 0    ; 0            ; |my-cpu|registers:inst3    ; registers    ; work         ;
+----------------------------+---------------------+---------------------------+-------------+--------------+---------+-----------+-----------+------+--------------+----------------------------+--------------+--------------+
Note: For table entries with two numbers listed, the numbers in parentheses indicate the number of resources of the given type used by the specific entity alone. The numbers listed outside of parentheses indicate the total resources of the given type used by the specific entity and all of its sub-entities in the hierarchy.


Encoding Type:  One-Hot
+-------------------------------------------------------------------------------------------------------------------------------------------------------+
; State Machine - |my-cpu|control_unit:inst1|state                                                                                                      ;
+--------------------------------+------------------------+--------------------------------+------------------------------+-------------+---------------+
; Name                           ; state.save_to_register ; state.handle_args_as_registers ; state.handle_arg_as_register ; state.fetch ; state.initial ;
+--------------------------------+------------------------+--------------------------------+------------------------------+-------------+---------------+
; state.initial                  ; 0                      ; 0                              ; 0                            ; 0           ; 0             ;
; state.fetch                    ; 0                      ; 0                              ; 0                            ; 1           ; 1             ;
; state.handle_arg_as_register   ; 0                      ; 0                              ; 1                            ; 0           ; 1             ;
; state.handle_args_as_registers ; 0                      ; 1                              ; 0                            ; 0           ; 1             ;
; state.save_to_register         ; 1                      ; 0                              ; 0                            ; 0           ; 1             ;
+--------------------------------+------------------------+--------------------------------+------------------------------+-------------+---------------+


Encoding Type:  One-Hot
+--------------------------------------------------------------------------------------------------------------------------------+
; State Machine - |my-cpu|control_unit:inst1|lifecycle                                                                           ;
+------------------------------+----------------------------+------------------------------+-------------------+-----------------+
; Name                         ; lifecycle.save_to_register ; lifecycle.decode_instruction ; lifecycle.initial ; lifecycle.fetch ;
+------------------------------+----------------------------+------------------------------+-------------------+-----------------+
; lifecycle.fetch              ; 0                          ; 0                            ; 0                 ; 0               ;
; lifecycle.initial            ; 0                          ; 0                            ; 1                 ; 1               ;
; lifecycle.decode_instruction ; 0                          ; 1                            ; 0                 ; 1               ;
; lifecycle.save_to_register   ; 1                          ; 0                            ; 0                 ; 1               ;
+------------------------------+----------------------------+------------------------------+-------------------+-----------------+


+---------------------------------------------------------------------------------------------------------+
; User-Specified and Inferred Latches                                                                     ;
+-----------------------------------------------------+--------------------------+------------------------+
; Latch Name                                          ; Latch Enable Signal      ; Free of Timing Hazards ;
+-----------------------------------------------------+--------------------------+------------------------+
; control_unit:inst1|action[0]                        ; control_unit:inst1|Mux10 ; yes                    ;
; control_unit:inst1|action[2]                        ; control_unit:inst1|Mux10 ; yes                    ;
; control_unit:inst1|action[1]                        ; control_unit:inst1|Mux10 ; yes                    ;
; control_unit:inst1|action[3]                        ; control_unit:inst1|Mux10 ; yes                    ;
; registers:inst3|REGISTER_B[10]                      ; registers:inst3|Mux228   ; yes                    ;
; registers:inst3|REGISTER_A[6]                       ; registers:inst3|Mux245   ; yes                    ;
; registers:inst3|REGISTER_A[5]                       ; registers:inst3|Mux245   ; yes                    ;
; registers:inst3|REGISTER_B[0]                       ; registers:inst3|Mux228   ; yes                    ;
; registers:inst3|REGISTER_A[4]                       ; registers:inst3|Mux245   ; yes                    ;
; registers:inst3|REGISTER_A[3]                       ; registers:inst3|Mux245   ; yes                    ;
; registers:inst3|REGISTER_B[1]                       ; registers:inst3|Mux228   ; yes                    ;
; registers:inst3|REGISTER_A[8]                       ; registers:inst3|Mux245   ; yes                    ;
; registers:inst3|REGISTER_A[9]                       ; registers:inst3|Mux245   ; yes                    ;
; registers:inst3|REGISTER_A[10]                      ; registers:inst3|Mux245   ; yes                    ;
; registers:inst3|REGISTER_A[7]                       ; registers:inst3|Mux245   ; yes                    ;
; registers:inst3|REGISTER_B[3]                       ; registers:inst3|Mux228   ; yes                    ;
; registers:inst3|REGISTER_B[4]                       ; registers:inst3|Mux228   ; yes                    ;
; registers:inst3|REGISTER_B[5]                       ; registers:inst3|Mux228   ; yes                    ;
; registers:inst3|REGISTER_B[6]                       ; registers:inst3|Mux228   ; yes                    ;
; registers:inst3|REGISTER_B[7]                       ; registers:inst3|Mux228   ; yes                    ;
; registers:inst3|REGISTER_B[8]                       ; registers:inst3|Mux228   ; yes                    ;
; registers:inst3|REGISTER_B[9]                       ; registers:inst3|Mux228   ; yes                    ;
; registers:inst3|REGISTER_B[11]                      ; registers:inst3|Mux228   ; yes                    ;
; registers:inst3|REGISTER_B[12]                      ; registers:inst3|Mux228   ; yes                    ;
; registers:inst3|REGISTER_B[13]                      ; registers:inst3|Mux228   ; yes                    ;
; registers:inst3|REGISTER_B[14]                      ; registers:inst3|Mux228   ; yes                    ;
; registers:inst3|REGISTER_B[15]                      ; registers:inst3|Mux228   ; yes                    ;
; registers:inst3|REGISTER_B[2]                       ; registers:inst3|Mux228   ; yes                    ;
; registers:inst3|REGISTER_A[2]                       ; registers:inst3|Mux245   ; yes                    ;
; registers:inst3|REGISTER_A[1]                       ; registers:inst3|Mux245   ; yes                    ;
; registers:inst3|REGISTER_A[0]                       ; registers:inst3|Mux245   ; yes                    ;
; registers:inst3|REGISTER_A[11]                      ; registers:inst3|Mux245   ; yes                    ;
; registers:inst3|REGISTER_A[12]                      ; registers:inst3|Mux245   ; yes                    ;
; registers:inst3|REGISTER_A[13]                      ; registers:inst3|Mux245   ; yes                    ;
; registers:inst3|REGISTER_A[15]                      ; registers:inst3|Mux245   ; yes                    ;
; registers:inst3|REGISTER_A[14]                      ; registers:inst3|Mux245   ; yes                    ;
; Number of user-specified and inferred latches = 36  ;                          ;                        ;
+-----------------------------------------------------+--------------------------+------------------------+
Note: All latches listed above may not be present at the end of synthesis due to various synthesis optimizations.


+---------------------------------------------------------------------------------+
; Registers Removed During Synthesis                                              ;
+----------------------------------------+----------------------------------------+
; Register name                          ; Reason for Removal                     ;
+----------------------------------------+----------------------------------------+
; ram:inst10|DATA_BUS_OUT[12]            ; Stuck at VCC due to stuck port data_in ;
; ram:inst10|DATA_BUS_OUT[13,15]         ; Stuck at GND due to stuck port data_in ;
; ram:inst10|DATA_BUS_OUT[14]            ; Stuck at VCC due to stuck port data_in ;
; ram:inst10|DATA_BUS_OUT[11]            ; Stuck at GND due to stuck port data_in ;
; ram:inst10|DATA_BUS_OUT[10]            ; Stuck at VCC due to stuck port data_in ;
; ram:inst10|DATA_BUS_OUT[9]             ; Stuck at GND due to stuck port data_in ;
; ram:inst10|DATA_BUS_OUT[8]             ; Stuck at VCC due to stuck port data_in ;
; ram:inst10|DATA_BUS_OUT[7]             ; Stuck at GND due to stuck port data_in ;
; ram:inst10|DATA_BUS_OUT[6]             ; Stuck at VCC due to stuck port data_in ;
; ram:inst10|DATA_BUS_OUT[5]             ; Stuck at GND due to stuck port data_in ;
; ram:inst10|DATA_BUS_OUT[4]             ; Stuck at VCC due to stuck port data_in ;
; ram:inst10|DATA_BUS_OUT[3]             ; Stuck at GND due to stuck port data_in ;
; ram:inst10|DATA_BUS_OUT[2]             ; Stuck at VCC due to stuck port data_in ;
; ram:inst10|DATA_BUS_OUT[1]             ; Stuck at GND due to stuck port data_in ;
; ram:inst10|DATA_BUS_OUT[0]             ; Stuck at VCC due to stuck port data_in ;
; control_unit:inst1|state.initial       ; Lost fanout                            ;
; Total Number of Removed Registers = 17 ;                                        ;
+----------------------------------------+----------------------------------------+


+------------------------------------------------------+
; General Register Statistics                          ;
+----------------------------------------------+-------+
; Statistic                                    ; Value ;
+----------------------------------------------+-------+
; Total registers                              ; 172   ;
; Number of registers using Synchronous Clear  ; 0     ;
; Number of registers using Synchronous Load   ; 16    ;
; Number of registers using Asynchronous Clear ; 4     ;
; Number of registers using Asynchronous Load  ; 0     ;
; Number of registers using Clock Enable       ; 167   ;
; Number of registers using Preset             ; 0     ;
+----------------------------------------------+-------+


+--------------------------------------------------+
; Inverted Register Statistics                     ;
+----------------------------------------+---------+
; Inverted Register                      ; Fan out ;
+----------------------------------------+---------+
; registers:inst3|generic_register_a[3]  ; 2       ;
; registers:inst3|generic_register_a[1]  ; 2       ;
; Total number of inverted registers = 2 ;         ;
+----------------------------------------+---------+


+-----------------------------------------------------------------------------------------------------------------------------------------------------------------------+
; Multiplexer Restructuring Statistics (Restructuring Performed)                                                                                                        ;
+--------------------+-----------+---------------+----------------------+------------------------+------------+---------------------------------------------------------+
; Multiplexer Inputs ; Bus Width ; Baseline Area ; Area if Restructured ; Saving if Restructured ; Registered ; Example Multiplexer Output                              ;
+--------------------+-----------+---------------+----------------------+------------------------+------------+---------------------------------------------------------+
; 3:1                ; 16 bits   ; 32 LEs        ; 16 LEs               ; 16 LEs                 ; Yes        ; |my-cpu|registers:inst3|program_counter[3]              ;
; 16:1               ; 4 bits    ; 40 LEs        ; 4 LEs                ; 36 LEs                 ; No         ; |my-cpu|control_unit:inst1|Mux11                        ;
; 9:1                ; 2 bits    ; 12 LEs        ; 6 LEs                ; 6 LEs                  ; No         ; |my-cpu|control_unit:inst1|lifecycle                    ;
; 14:1               ; 8 bits    ; 72 LEs        ; 64 LEs               ; 8 LEs                  ; No         ; |my-cpu|registers:inst3|Mux226                          ;
; 14:1               ; 4 bits    ; 36 LEs        ; 32 LEs               ; 4 LEs                  ; No         ; |my-cpu|registers:inst3|Mux219                          ;
; 14:1               ; 4 bits    ; 36 LEs        ; 32 LEs               ; 4 LEs                  ; No         ; |my-cpu|registers:inst3|Mux214                          ;
; 14:1               ; 8 bits    ; 72 LEs        ; 64 LEs               ; 8 LEs                  ; No         ; |my-cpu|registers:inst3|Mux241                          ;
; 14:1               ; 4 bits    ; 36 LEs        ; 32 LEs               ; 4 LEs                  ; No         ; |my-cpu|registers:inst3|Mux235                          ;
; 14:1               ; 4 bits    ; 36 LEs        ; 32 LEs               ; 4 LEs                  ; No         ; |my-cpu|registers:inst3|Mux230                          ;
; 10:1               ; 2 bits    ; 12 LEs        ; 8 LEs                ; 4 LEs                  ; No         ; |my-cpu|control_unit:inst1|state.handle_arg_as_register ;
; 8:1                ; 3 bits    ; 15 LEs        ; 9 LEs                ; 6 LEs                  ; No         ; |my-cpu|ALU:inst|Mux10                                  ;
; 8:1                ; 4 bits    ; 20 LEs        ; 12 LEs               ; 8 LEs                  ; No         ; |my-cpu|ALU:inst|Mux12                                  ;
; 9:1                ; 3 bits    ; 18 LEs        ; 12 LEs               ; 6 LEs                  ; No         ; |my-cpu|ALU:inst|Mux6                                   ;
+--------------------+-----------+---------------+----------------------+------------------------+------------+---------------------------------------------------------+


+-----------------------------------------------------+
; Post-Synthesis Netlist Statistics for Top Partition ;
+-----------------------+-----------------------------+
; Type                  ; Count                       ;
+-----------------------+-----------------------------+
; boundary_port         ; 71                          ;
; cycloneiii_ff         ; 172                         ;
;     CLR               ; 4                           ;
;     ENA               ; 151                         ;
;     ENA SLD           ; 16                          ;
;     plain             ; 1                           ;
; cycloneiii_io_obuf    ; 32                          ;
; cycloneiii_lcell_comb ; 562                         ;
;     arith             ; 15                          ;
;         2 data inputs ; 15                          ;
;     normal            ; 547                         ;
;         0 data inputs ; 1                           ;
;         1 data inputs ; 3                           ;
;         2 data inputs ; 19                          ;
;         3 data inputs ; 92                          ;
;         4 data inputs ; 432                         ;
;                       ;                             ;
; Max LUT depth         ; 15.00                       ;
; Average LUT depth     ; 7.00                        ;
+-----------------------+-----------------------------+


+-------------------------------+
; Elapsed Time Per Partition    ;
+----------------+--------------+
; Partition Name ; Elapsed Time ;
+----------------+--------------+
; Top            ; 00:00:05     ;
+----------------+--------------+


+-------------------------------+
; Analysis & Synthesis Messages ;
+-------------------------------+
Info: *******************************************************************
Info: Running Quartus Prime Analysis & Synthesis
    Info: Version 17.1.0 Build 590 10/25/2017 SJ Lite Edition
    Info: Processing started: Wed Jun 05 18:48:01 2019
Info: Command: quartus_map --read_settings_files=on --write_settings_files=off my-cpu -c my-cpu
Warning (18236): Number of processors has not been specified which may cause overloading on shared machines.  Set the global assignment NUM_PARALLEL_PROCESSORS in your QSF to an appropriate value for best performance.
Info (20030): Parallel compilation is enabled and will use 2 of the 2 processors detected
Info (12021): Found 2 design units, including 1 entities, in source file /users/arkad/projects/eda/my-cpu/registers.vhdl
    Info (12022): Found design unit 1: registers-rtl File: C:/Users/arkad/Projects/EDA/my-cpu/registers.vhdl Line: 24
    Info (12023): Found entity 1: registers File: C:/Users/arkad/Projects/EDA/my-cpu/registers.vhdl Line: 6
Info (12021): Found 2 design units, including 1 entities, in source file /users/arkad/projects/eda/my-cpu/memory_integration_circuit.vhdl
    Info (12022): Found design unit 1: memory_integration_circuit-rtl File: C:/Users/arkad/Projects/EDA/my-cpu/memory_integration_circuit.vhdl Line: 20
    Info (12023): Found entity 1: memory_integration_circuit File: C:/Users/arkad/Projects/EDA/my-cpu/memory_integration_circuit.vhdl Line: 6
Info (12021): Found 2 design units, including 1 entities, in source file /users/arkad/projects/eda/my-cpu/control_unit.vhdl
    Info (12022): Found design unit 1: control_unit-logic File: C:/Users/arkad/Projects/EDA/my-cpu/control_unit.vhdl Line: 25
    Info (12023): Found entity 1: control_unit File: C:/Users/arkad/Projects/EDA/my-cpu/control_unit.vhdl Line: 6
Info (12021): Found 2 design units, including 1 entities, in source file /users/arkad/projects/eda/my-cpu/alu.vhdl
    Info (12022): Found design unit 1: ALU-rtl File: C:/Users/arkad/Projects/EDA/my-cpu/alu.vhdl Line: 16
    Info (12023): Found entity 1: ALU File: C:/Users/arkad/Projects/EDA/my-cpu/alu.vhdl Line: 6
Info (12021): Found 1 design units, including 1 entities, in source file my-cpu.bdf
    Info (12023): Found entity 1: my-cpu
Info (12021): Found 2 design units, including 1 entities, in source file /users/arkad/projects/eda/my-cpu/ram.vhdl
    Info (12022): Found design unit 1: ram-logic File: C:/Users/arkad/Projects/EDA/my-cpu/ram.vhdl Line: 18
    Info (12023): Found entity 1: ram File: C:/Users/arkad/Projects/EDA/my-cpu/ram.vhdl Line: 6
Info (12127): Elaborating entity "my-cpu" for the top level hierarchy
Warning (275043): Pin "DEBUG_CU_INSTRUCTION[15..0]" is missing source
Info (12128): Elaborating entity "memory_integration_circuit" for hierarchy "memory_integration_circuit:inst2"
Warning (10631): VHDL Process Statement warning at memory_integration_circuit.vhdl(22): inferring latch(es) for signal or variable "mar", which holds its previous value in one or more paths through the process File: C:/Users/arkad/Projects/EDA/my-cpu/memory_integration_circuit.vhdl Line: 22
Warning (10631): VHDL Process Statement warning at memory_integration_circuit.vhdl(22): inferring latch(es) for signal or variable "mbr_out", which holds its previous value in one or more paths through the process File: C:/Users/arkad/Projects/EDA/my-cpu/memory_integration_circuit.vhdl Line: 22
Warning (10631): VHDL Process Statement warning at memory_integration_circuit.vhdl(22): inferring latch(es) for signal or variable "mbr_in", which holds its previous value in one or more paths through the process File: C:/Users/arkad/Projects/EDA/my-cpu/memory_integration_circuit.vhdl Line: 22
Info (10041): Inferred latch for "mbr_in[0]" at memory_integration_circuit.vhdl(35) File: C:/Users/arkad/Projects/EDA/my-cpu/memory_integration_circuit.vhdl Line: 35
Info (10041): Inferred latch for "mbr_in[1]" at memory_integration_circuit.vhdl(35) File: C:/Users/arkad/Projects/EDA/my-cpu/memory_integration_circuit.vhdl Line: 35
Info (10041): Inferred latch for "mbr_in[2]" at memory_integration_circuit.vhdl(35) File: C:/Users/arkad/Projects/EDA/my-cpu/memory_integration_circuit.vhdl Line: 35
Info (10041): Inferred latch for "mbr_in[3]" at memory_integration_circuit.vhdl(35) File: C:/Users/arkad/Projects/EDA/my-cpu/memory_integration_circuit.vhdl Line: 35
Info (10041): Inferred latch for "mbr_in[4]" at memory_integration_circuit.vhdl(35) File: C:/Users/arkad/Projects/EDA/my-cpu/memory_integration_circuit.vhdl Line: 35
Info (10041): Inferred latch for "mbr_in[5]" at memory_integration_circuit.vhdl(35) File: C:/Users/arkad/Projects/EDA/my-cpu/memory_integration_circuit.vhdl Line: 35
Info (10041): Inferred latch for "mbr_in[6]" at memory_integration_circuit.vhdl(35) File: C:/Users/arkad/Projects/EDA/my-cpu/memory_integration_circuit.vhdl Line: 35
Info (10041): Inferred latch for "mbr_in[7]" at memory_integration_circuit.vhdl(35) File: C:/Users/arkad/Projects/EDA/my-cpu/memory_integration_circuit.vhdl Line: 35
Info (10041): Inferred latch for "mbr_in[8]" at memory_integration_circuit.vhdl(35) File: C:/Users/arkad/Projects/EDA/my-cpu/memory_integration_circuit.vhdl Line: 35
Info (10041): Inferred latch for "mbr_in[9]" at memory_integration_circuit.vhdl(35) File: C:/Users/arkad/Projects/EDA/my-cpu/memory_integration_circuit.vhdl Line: 35
Info (10041): Inferred latch for "mbr_in[10]" at memory_integration_circuit.vhdl(35) File: C:/Users/arkad/Projects/EDA/my-cpu/memory_integration_circuit.vhdl Line: 35
Info (10041): Inferred latch for "mbr_in[11]" at memory_integration_circuit.vhdl(35) File: C:/Users/arkad/Projects/EDA/my-cpu/memory_integration_circuit.vhdl Line: 35
Info (10041): Inferred latch for "mbr_in[12]" at memory_integration_circuit.vhdl(35) File: C:/Users/arkad/Projects/EDA/my-cpu/memory_integration_circuit.vhdl Line: 35
Info (10041): Inferred latch for "mbr_in[13]" at memory_integration_circuit.vhdl(35) File: C:/Users/arkad/Projects/EDA/my-cpu/memory_integration_circuit.vhdl Line: 35
Info (10041): Inferred latch for "mbr_in[14]" at memory_integration_circuit.vhdl(35) File: C:/Users/arkad/Projects/EDA/my-cpu/memory_integration_circuit.vhdl Line: 35
Info (10041): Inferred latch for "mbr_in[15]" at memory_integration_circuit.vhdl(35) File: C:/Users/arkad/Projects/EDA/my-cpu/memory_integration_circuit.vhdl Line: 35
Info (10041): Inferred latch for "mbr_out[0]" at memory_integration_circuit.vhdl(31) File: C:/Users/arkad/Projects/EDA/my-cpu/memory_integration_circuit.vhdl Line: 31
Info (10041): Inferred latch for "mbr_out[1]" at memory_integration_circuit.vhdl(31) File: C:/Users/arkad/Projects/EDA/my-cpu/memory_integration_circuit.vhdl Line: 31
Info (10041): Inferred latch for "mbr_out[2]" at memory_integration_circuit.vhdl(31) File: C:/Users/arkad/Projects/EDA/my-cpu/memory_integration_circuit.vhdl Line: 31
Info (10041): Inferred latch for "mbr_out[3]" at memory_integration_circuit.vhdl(31) File: C:/Users/arkad/Projects/EDA/my-cpu/memory_integration_circuit.vhdl Line: 31
Info (10041): Inferred latch for "mbr_out[4]" at memory_integration_circuit.vhdl(31) File: C:/Users/arkad/Projects/EDA/my-cpu/memory_integration_circuit.vhdl Line: 31
Info (10041): Inferred latch for "mbr_out[5]" at memory_integration_circuit.vhdl(31) File: C:/Users/arkad/Projects/EDA/my-cpu/memory_integration_circuit.vhdl Line: 31
Info (10041): Inferred latch for "mbr_out[6]" at memory_integration_circuit.vhdl(31) File: C:/Users/arkad/Projects/EDA/my-cpu/memory_integration_circuit.vhdl Line: 31
Info (10041): Inferred latch for "mbr_out[7]" at memory_integration_circuit.vhdl(31) File: C:/Users/arkad/Projects/EDA/my-cpu/memory_integration_circuit.vhdl Line: 31
Info (10041): Inferred latch for "mbr_out[8]" at memory_integration_circuit.vhdl(31) File: C:/Users/arkad/Projects/EDA/my-cpu/memory_integration_circuit.vhdl Line: 31
Info (10041): Inferred latch for "mbr_out[9]" at memory_integration_circuit.vhdl(31) File: C:/Users/arkad/Projects/EDA/my-cpu/memory_integration_circuit.vhdl Line: 31
Info (10041): Inferred latch for "mbr_out[10]" at memory_integration_circuit.vhdl(31) File: C:/Users/arkad/Projects/EDA/my-cpu/memory_integration_circuit.vhdl Line: 31
Info (10041): Inferred latch for "mbr_out[11]" at memory_integration_circuit.vhdl(31) File: C:/Users/arkad/Projects/EDA/my-cpu/memory_integration_circuit.vhdl Line: 31
Info (10041): Inferred latch for "mbr_out[12]" at memory_integration_circuit.vhdl(31) File: C:/Users/arkad/Projects/EDA/my-cpu/memory_integration_circuit.vhdl Line: 31
Info (10041): Inferred latch for "mbr_out[13]" at memory_integration_circuit.vhdl(31) File: C:/Users/arkad/Projects/EDA/my-cpu/memory_integration_circuit.vhdl Line: 31
Info (10041): Inferred latch for "mbr_out[14]" at memory_integration_circuit.vhdl(31) File: C:/Users/arkad/Projects/EDA/my-cpu/memory_integration_circuit.vhdl Line: 31
Info (10041): Inferred latch for "mbr_out[15]" at memory_integration_circuit.vhdl(31) File: C:/Users/arkad/Projects/EDA/my-cpu/memory_integration_circuit.vhdl Line: 31
Info (10041): Inferred latch for "mar[0]" at memory_integration_circuit.vhdl(27) File: C:/Users/arkad/Projects/EDA/my-cpu/memory_integration_circuit.vhdl Line: 27
Info (10041): Inferred latch for "mar[1]" at memory_integration_circuit.vhdl(27) File: C:/Users/arkad/Projects/EDA/my-cpu/memory_integration_circuit.vhdl Line: 27
Info (10041): Inferred latch for "mar[2]" at memory_integration_circuit.vhdl(27) File: C:/Users/arkad/Projects/EDA/my-cpu/memory_integration_circuit.vhdl Line: 27
Info (10041): Inferred latch for "mar[3]" at memory_integration_circuit.vhdl(27) File: C:/Users/arkad/Projects/EDA/my-cpu/memory_integration_circuit.vhdl Line: 27
Info (10041): Inferred latch for "mar[4]" at memory_integration_circuit.vhdl(27) File: C:/Users/arkad/Projects/EDA/my-cpu/memory_integration_circuit.vhdl Line: 27
Info (10041): Inferred latch for "mar[5]" at memory_integration_circuit.vhdl(27) File: C:/Users/arkad/Projects/EDA/my-cpu/memory_integration_circuit.vhdl Line: 27
Info (10041): Inferred latch for "mar[6]" at memory_integration_circuit.vhdl(27) File: C:/Users/arkad/Projects/EDA/my-cpu/memory_integration_circuit.vhdl Line: 27
Info (10041): Inferred latch for "mar[7]" at memory_integration_circuit.vhdl(27) File: C:/Users/arkad/Projects/EDA/my-cpu/memory_integration_circuit.vhdl Line: 27
Info (10041): Inferred latch for "mar[8]" at memory_integration_circuit.vhdl(27) File: C:/Users/arkad/Projects/EDA/my-cpu/memory_integration_circuit.vhdl Line: 27
Info (10041): Inferred latch for "mar[9]" at memory_integration_circuit.vhdl(27) File: C:/Users/arkad/Projects/EDA/my-cpu/memory_integration_circuit.vhdl Line: 27
Info (10041): Inferred latch for "mar[10]" at memory_integration_circuit.vhdl(27) File: C:/Users/arkad/Projects/EDA/my-cpu/memory_integration_circuit.vhdl Line: 27
Info (10041): Inferred latch for "mar[11]" at memory_integration_circuit.vhdl(27) File: C:/Users/arkad/Projects/EDA/my-cpu/memory_integration_circuit.vhdl Line: 27
Info (10041): Inferred latch for "mar[12]" at memory_integration_circuit.vhdl(27) File: C:/Users/arkad/Projects/EDA/my-cpu/memory_integration_circuit.vhdl Line: 27
Info (10041): Inferred latch for "mar[13]" at memory_integration_circuit.vhdl(27) File: C:/Users/arkad/Projects/EDA/my-cpu/memory_integration_circuit.vhdl Line: 27
Info (10041): Inferred latch for "mar[14]" at memory_integration_circuit.vhdl(27) File: C:/Users/arkad/Projects/EDA/my-cpu/memory_integration_circuit.vhdl Line: 27
Info (10041): Inferred latch for "mar[15]" at memory_integration_circuit.vhdl(27) File: C:/Users/arkad/Projects/EDA/my-cpu/memory_integration_circuit.vhdl Line: 27
Info (12128): Elaborating entity "control_unit" for hierarchy "control_unit:inst1"
Warning (10492): VHDL Process Statement warning at control_unit.vhdl(48): signal "RESET" is read inside the Process Statement but isn't in the Process Statement's sensitivity list File: C:/Users/arkad/Projects/EDA/my-cpu/control_unit.vhdl Line: 48
Warning (10492): VHDL Process Statement warning at control_unit.vhdl(122): signal "INSTRUCTION" is read inside the Process Statement but isn't in the Process Statement's sensitivity list File: C:/Users/arkad/Projects/EDA/my-cpu/control_unit.vhdl Line: 122
Warning (10492): VHDL Process Statement warning at control_unit.vhdl(125): signal "INSTRUCTION" is read inside the Process Statement but isn't in the Process Statement's sensitivity list File: C:/Users/arkad/Projects/EDA/my-cpu/control_unit.vhdl Line: 125
Warning (10492): VHDL Process Statement warning at control_unit.vhdl(126): signal "INSTRUCTION" is read inside the Process Statement but isn't in the Process Statement's sensitivity list File: C:/Users/arkad/Projects/EDA/my-cpu/control_unit.vhdl Line: 126
Warning (10492): VHDL Process Statement warning at control_unit.vhdl(129): signal "INSTRUCTION" is read inside the Process Statement but isn't in the Process Statement's sensitivity list File: C:/Users/arkad/Projects/EDA/my-cpu/control_unit.vhdl Line: 129
Warning (10492): VHDL Process Statement warning at control_unit.vhdl(130): signal "INSTRUCTION" is read inside the Process Statement but isn't in the Process Statement's sensitivity list File: C:/Users/arkad/Projects/EDA/my-cpu/control_unit.vhdl Line: 130
Warning (10492): VHDL Process Statement warning at control_unit.vhdl(131): signal "INSTRUCTION" is read inside the Process Statement but isn't in the Process Statement's sensitivity list File: C:/Users/arkad/Projects/EDA/my-cpu/control_unit.vhdl Line: 131
Warning (10631): VHDL Process Statement warning at control_unit.vhdl(89): inferring latch(es) for signal or variable "action", which holds its previous value in one or more paths through the process File: C:/Users/arkad/Projects/EDA/my-cpu/control_unit.vhdl Line: 89
Info (10041): Inferred latch for "action[0]" at control_unit.vhdl(89) File: C:/Users/arkad/Projects/EDA/my-cpu/control_unit.vhdl Line: 89
Info (10041): Inferred latch for "action[1]" at control_unit.vhdl(89) File: C:/Users/arkad/Projects/EDA/my-cpu/control_unit.vhdl Line: 89
Info (10041): Inferred latch for "action[2]" at control_unit.vhdl(89) File: C:/Users/arkad/Projects/EDA/my-cpu/control_unit.vhdl Line: 89
Info (10041): Inferred latch for "action[3]" at control_unit.vhdl(89) File: C:/Users/arkad/Projects/EDA/my-cpu/control_unit.vhdl Line: 89
Info (12128): Elaborating entity "ALU" for hierarchy "ALU:inst"
Info (12128): Elaborating entity "registers" for hierarchy "registers:inst3"
Warning (10631): VHDL Process Statement warning at registers.vhdl(26): inferring latch(es) for signal or variable "REGISTER_A", which holds its previous value in one or more paths through the process File: C:/Users/arkad/Projects/EDA/my-cpu/registers.vhdl Line: 26
Warning (10631): VHDL Process Statement warning at registers.vhdl(26): inferring latch(es) for signal or variable "REGISTER_B", which holds its previous value in one or more paths through the process File: C:/Users/arkad/Projects/EDA/my-cpu/registers.vhdl Line: 26
Info (10041): Inferred latch for "REGISTER_B[0]" at registers.vhdl(26) File: C:/Users/arkad/Projects/EDA/my-cpu/registers.vhdl Line: 26
Info (10041): Inferred latch for "REGISTER_B[1]" at registers.vhdl(26) File: C:/Users/arkad/Projects/EDA/my-cpu/registers.vhdl Line: 26
Info (10041): Inferred latch for "REGISTER_B[2]" at registers.vhdl(26) File: C:/Users/arkad/Projects/EDA/my-cpu/registers.vhdl Line: 26
Info (10041): Inferred latch for "REGISTER_B[3]" at registers.vhdl(26) File: C:/Users/arkad/Projects/EDA/my-cpu/registers.vhdl Line: 26
Info (10041): Inferred latch for "REGISTER_B[4]" at registers.vhdl(26) File: C:/Users/arkad/Projects/EDA/my-cpu/registers.vhdl Line: 26
Info (10041): Inferred latch for "REGISTER_B[5]" at registers.vhdl(26) File: C:/Users/arkad/Projects/EDA/my-cpu/registers.vhdl Line: 26
Info (10041): Inferred latch for "REGISTER_B[6]" at registers.vhdl(26) File: C:/Users/arkad/Projects/EDA/my-cpu/registers.vhdl Line: 26
Info (10041): Inferred latch for "REGISTER_B[7]" at registers.vhdl(26) File: C:/Users/arkad/Projects/EDA/my-cpu/registers.vhdl Line: 26
Info (10041): Inferred latch for "REGISTER_B[8]" at registers.vhdl(26) File: C:/Users/arkad/Projects/EDA/my-cpu/registers.vhdl Line: 26
Info (10041): Inferred latch for "REGISTER_B[9]" at registers.vhdl(26) File: C:/Users/arkad/Projects/EDA/my-cpu/registers.vhdl Line: 26
Info (10041): Inferred latch for "REGISTER_B[10]" at registers.vhdl(26) File: C:/Users/arkad/Projects/EDA/my-cpu/registers.vhdl Line: 26
Info (10041): Inferred latch for "REGISTER_B[11]" at registers.vhdl(26) File: C:/Users/arkad/Projects/EDA/my-cpu/registers.vhdl Line: 26
Info (10041): Inferred latch for "REGISTER_B[12]" at registers.vhdl(26) File: C:/Users/arkad/Projects/EDA/my-cpu/registers.vhdl Line: 26
Info (10041): Inferred latch for "REGISTER_B[13]" at registers.vhdl(26) File: C:/Users/arkad/Projects/EDA/my-cpu/registers.vhdl Line: 26
Info (10041): Inferred latch for "REGISTER_B[14]" at registers.vhdl(26) File: C:/Users/arkad/Projects/EDA/my-cpu/registers.vhdl Line: 26
Info (10041): Inferred latch for "REGISTER_B[15]" at registers.vhdl(26) File: C:/Users/arkad/Projects/EDA/my-cpu/registers.vhdl Line: 26
Info (10041): Inferred latch for "REGISTER_A[0]" at registers.vhdl(26) File: C:/Users/arkad/Projects/EDA/my-cpu/registers.vhdl Line: 26
Info (10041): Inferred latch for "REGISTER_A[1]" at registers.vhdl(26) File: C:/Users/arkad/Projects/EDA/my-cpu/registers.vhdl Line: 26
Info (10041): Inferred latch for "REGISTER_A[2]" at registers.vhdl(26) File: C:/Users/arkad/Projects/EDA/my-cpu/registers.vhdl Line: 26
Info (10041): Inferred latch for "REGISTER_A[3]" at registers.vhdl(26) File: C:/Users/arkad/Projects/EDA/my-cpu/registers.vhdl Line: 26
Info (10041): Inferred latch for "REGISTER_A[4]" at registers.vhdl(26) File: C:/Users/arkad/Projects/EDA/my-cpu/registers.vhdl Line: 26
Info (10041): Inferred latch for "REGISTER_A[5]" at registers.vhdl(26) File: C:/Users/arkad/Projects/EDA/my-cpu/registers.vhdl Line: 26
Info (10041): Inferred latch for "REGISTER_A[6]" at registers.vhdl(26) File: C:/Users/arkad/Projects/EDA/my-cpu/registers.vhdl Line: 26
Info (10041): Inferred latch for "REGISTER_A[7]" at registers.vhdl(26) File: C:/Users/arkad/Projects/EDA/my-cpu/registers.vhdl Line: 26
Info (10041): Inferred latch for "REGISTER_A[8]" at registers.vhdl(26) File: C:/Users/arkad/Projects/EDA/my-cpu/registers.vhdl Line: 26
Info (10041): Inferred latch for "REGISTER_A[9]" at registers.vhdl(26) File: C:/Users/arkad/Projects/EDA/my-cpu/registers.vhdl Line: 26
Info (10041): Inferred latch for "REGISTER_A[10]" at registers.vhdl(26) File: C:/Users/arkad/Projects/EDA/my-cpu/registers.vhdl Line: 26
Info (10041): Inferred latch for "REGISTER_A[11]" at registers.vhdl(26) File: C:/Users/arkad/Projects/EDA/my-cpu/registers.vhdl Line: 26
Info (10041): Inferred latch for "REGISTER_A[12]" at registers.vhdl(26) File: C:/Users/arkad/Projects/EDA/my-cpu/registers.vhdl Line: 26
Info (10041): Inferred latch for "REGISTER_A[13]" at registers.vhdl(26) File: C:/Users/arkad/Projects/EDA/my-cpu/registers.vhdl Line: 26
Info (10041): Inferred latch for "REGISTER_A[14]" at registers.vhdl(26) File: C:/Users/arkad/Projects/EDA/my-cpu/registers.vhdl Line: 26
Info (10041): Inferred latch for "REGISTER_A[15]" at registers.vhdl(26) File: C:/Users/arkad/Projects/EDA/my-cpu/registers.vhdl Line: 26
Info (12128): Elaborating entity "ram" for hierarchy "ram:inst10"
Warning (14025): LATCH primitive "memory_integration_circuit:inst2|mar[0]" is permanently disabled File: C:/Users/arkad/Projects/EDA/my-cpu/memory_integration_circuit.vhdl Line: 27
Warning (14025): LATCH primitive "memory_integration_circuit:inst2|mar[1]" is permanently disabled File: C:/Users/arkad/Projects/EDA/my-cpu/memory_integration_circuit.vhdl Line: 27
Warning (14025): LATCH primitive "memory_integration_circuit:inst2|mar[2]" is permanently disabled File: C:/Users/arkad/Projects/EDA/my-cpu/memory_integration_circuit.vhdl Line: 27
Warning (14025): LATCH primitive "memory_integration_circuit:inst2|mar[3]" is permanently disabled File: C:/Users/arkad/Projects/EDA/my-cpu/memory_integration_circuit.vhdl Line: 27
Warning (14025): LATCH primitive "memory_integration_circuit:inst2|mar[4]" is permanently disabled File: C:/Users/arkad/Projects/EDA/my-cpu/memory_integration_circuit.vhdl Line: 27
Warning (14025): LATCH primitive "memory_integration_circuit:inst2|mar[5]" is permanently disabled File: C:/Users/arkad/Projects/EDA/my-cpu/memory_integration_circuit.vhdl Line: 27
Warning (14025): LATCH primitive "memory_integration_circuit:inst2|mar[6]" is permanently disabled File: C:/Users/arkad/Projects/EDA/my-cpu/memory_integration_circuit.vhdl Line: 27
Warning (14025): LATCH primitive "memory_integration_circuit:inst2|mar[7]" is permanently disabled File: C:/Users/arkad/Projects/EDA/my-cpu/memory_integration_circuit.vhdl Line: 27
Warning (14025): LATCH primitive "memory_integration_circuit:inst2|mar[8]" is permanently disabled File: C:/Users/arkad/Projects/EDA/my-cpu/memory_integration_circuit.vhdl Line: 27
Warning (14025): LATCH primitive "memory_integration_circuit:inst2|mar[9]" is permanently disabled File: C:/Users/arkad/Projects/EDA/my-cpu/memory_integration_circuit.vhdl Line: 27
Warning (14025): LATCH primitive "memory_integration_circuit:inst2|mar[10]" is permanently disabled File: C:/Users/arkad/Projects/EDA/my-cpu/memory_integration_circuit.vhdl Line: 27
Warning (14025): LATCH primitive "memory_integration_circuit:inst2|mar[11]" is permanently disabled File: C:/Users/arkad/Projects/EDA/my-cpu/memory_integration_circuit.vhdl Line: 27
Warning (14025): LATCH primitive "memory_integration_circuit:inst2|mar[12]" is permanently disabled File: C:/Users/arkad/Projects/EDA/my-cpu/memory_integration_circuit.vhdl Line: 27
Warning (14025): LATCH primitive "memory_integration_circuit:inst2|mar[13]" is permanently disabled File: C:/Users/arkad/Projects/EDA/my-cpu/memory_integration_circuit.vhdl Line: 27
Warning (14025): LATCH primitive "memory_integration_circuit:inst2|mar[14]" is permanently disabled File: C:/Users/arkad/Projects/EDA/my-cpu/memory_integration_circuit.vhdl Line: 27
Warning (14025): LATCH primitive "memory_integration_circuit:inst2|mar[15]" is permanently disabled File: C:/Users/arkad/Projects/EDA/my-cpu/memory_integration_circuit.vhdl Line: 27
Info (276014): Found 1 instances of uninferred RAM logic
    Info (276004): RAM logic "ram:inst10|content" is uninferred due to inappropriate RAM size File: C:/Users/arkad/Projects/EDA/my-cpu/ram.vhdl Line: 20
Warning (13039): The following bidirectional pins have no drivers
    Warning (13040): bidirectional pin "DATA_BUS_IN" has no driver
    Warning (13040): bidirectional pin "DATA_BUS_IN" has no driver
    Warning (13040): bidirectional pin "DATA_BUS_IN" has no driver
    Warning (13040): bidirectional pin "DATA_BUS_IN" has no driver
    Warning (13040): bidirectional pin "DATA_BUS_IN" has no driver
    Warning (13040): bidirectional pin "DATA_BUS_IN" has no driver
    Warning (13040): bidirectional pin "DATA_BUS_IN" has no driver
    Warning (13040): bidirectional pin "DATA_BUS_IN" has no driver
    Warning (13040): bidirectional pin "DATA_BUS_IN" has no driver
    Warning (13040): bidirectional pin "DATA_BUS_IN" has no driver
    Warning (13040): bidirectional pin "DATA_BUS_IN" has no driver
    Warning (13040): bidirectional pin "DATA_BUS_IN" has no driver
    Warning (13040): bidirectional pin "DATA_BUS_IN" has no driver
    Warning (13040): bidirectional pin "DATA_BUS_IN" has no driver
    Warning (13040): bidirectional pin "DATA_BUS_IN" has no driver
    Warning (13040): bidirectional pin "DATA_BUS_IN" has no driver
Warning (13032): The following tri-state nodes are fed by constants
    Warning (13033): The pin "DATA_BUS_OUT[15]" is fed by GND
    Warning (13033): The pin "DATA_BUS_OUT[14]" is fed by GND
    Warning (13033): The pin "DATA_BUS_OUT[13]" is fed by GND
    Warning (13033): The pin "DATA_BUS_OUT[12]" is fed by GND
    Warning (13033): The pin "DATA_BUS_OUT[11]" is fed by GND
    Warning (13033): The pin "DATA_BUS_OUT[10]" is fed by GND
    Warning (13033): The pin "DATA_BUS_OUT[9]" is fed by GND
    Warning (13033): The pin "DATA_BUS_OUT[8]" is fed by GND
    Warning (13033): The pin "DATA_BUS_OUT[7]" is fed by GND
    Warning (13033): The pin "DATA_BUS_OUT[6]" is fed by GND
    Warning (13033): The pin "DATA_BUS_OUT[5]" is fed by GND
    Warning (13033): The pin "DATA_BUS_OUT[4]" is fed by GND
    Warning (13033): The pin "DATA_BUS_OUT[3]" is fed by GND
    Warning (13033): The pin "DATA_BUS_OUT[2]" is fed by GND
    Warning (13033): The pin "DATA_BUS_OUT[1]" is fed by GND
    Warning (13033): The pin "DATA_BUS_OUT[0]" is fed by GND
Warning (13012): Latch control_unit:inst1|action[0] has unsafe behavior File: C:/Users/arkad/Projects/EDA/my-cpu/control_unit.vhdl Line: 89
    Warning (13013): Ports D and ENA on the latch are fed by the same signal registers:inst3|instruction_register[10] File: C:/Users/arkad/Projects/EDA/my-cpu/registers.vhdl Line: 36
Warning (13012): Latch control_unit:inst1|action[2] has unsafe behavior File: C:/Users/arkad/Projects/EDA/my-cpu/control_unit.vhdl Line: 89
    Warning (13013): Ports D and ENA on the latch are fed by the same signal registers:inst3|instruction_register[12] File: C:/Users/arkad/Projects/EDA/my-cpu/registers.vhdl Line: 36
Warning (13012): Latch control_unit:inst1|action[1] has unsafe behavior File: C:/Users/arkad/Projects/EDA/my-cpu/control_unit.vhdl Line: 89
    Warning (13013): Ports D and ENA on the latch are fed by the same signal registers:inst3|instruction_register[11] File: C:/Users/arkad/Projects/EDA/my-cpu/registers.vhdl Line: 36
Warning (13012): Latch control_unit:inst1|action[3] has unsafe behavior File: C:/Users/arkad/Projects/EDA/my-cpu/control_unit.vhdl Line: 89
    Warning (13013): Ports D and ENA on the latch are fed by the same signal control_unit:inst1|action[0] File: C:/Users/arkad/Projects/EDA/my-cpu/control_unit.vhdl Line: 89
Warning (13012): Latch registers:inst3|REGISTER_B[10] has unsafe behavior File: C:/Users/arkad/Projects/EDA/my-cpu/registers.vhdl Line: 26
    Warning (13013): Ports D and ENA on the latch are fed by the same signal registers:inst3|instruction_register[1] File: C:/Users/arkad/Projects/EDA/my-cpu/registers.vhdl Line: 36
Warning (13012): Latch registers:inst3|REGISTER_A[6] has unsafe behavior File: C:/Users/arkad/Projects/EDA/my-cpu/registers.vhdl Line: 26
    Warning (13013): Ports D and ENA on the latch are fed by the same signal registers:inst3|instruction_register[5] File: C:/Users/arkad/Projects/EDA/my-cpu/registers.vhdl Line: 36
Warning (13012): Latch registers:inst3|REGISTER_A[5] has unsafe behavior File: C:/Users/arkad/Projects/EDA/my-cpu/registers.vhdl Line: 26
    Warning (13013): Ports D and ENA on the latch are fed by the same signal registers:inst3|instruction_register[5] File: C:/Users/arkad/Projects/EDA/my-cpu/registers.vhdl Line: 36
Warning (13012): Latch registers:inst3|REGISTER_B[0] has unsafe behavior File: C:/Users/arkad/Projects/EDA/my-cpu/registers.vhdl Line: 26
    Warning (13013): Ports D and ENA on the latch are fed by the same signal registers:inst3|instruction_register[2] File: C:/Users/arkad/Projects/EDA/my-cpu/registers.vhdl Line: 36
Warning (13012): Latch registers:inst3|REGISTER_A[4] has unsafe behavior File: C:/Users/arkad/Projects/EDA/my-cpu/registers.vhdl Line: 26
    Warning (13013): Ports D and ENA on the latch are fed by the same signal registers:inst3|instruction_register[5] File: C:/Users/arkad/Projects/EDA/my-cpu/registers.vhdl Line: 36
Warning (13012): Latch registers:inst3|REGISTER_A[3] has unsafe behavior File: C:/Users/arkad/Projects/EDA/my-cpu/registers.vhdl Line: 26
    Warning (13013): Ports D and ENA on the latch are fed by the same signal registers:inst3|instruction_register[7] File: C:/Users/arkad/Projects/EDA/my-cpu/registers.vhdl Line: 36
Warning (13012): Latch registers:inst3|REGISTER_B[1] has unsafe behavior File: C:/Users/arkad/Projects/EDA/my-cpu/registers.vhdl Line: 26
    Warning (13013): Ports D and ENA on the latch are fed by the same signal registers:inst3|instruction_register[2] File: C:/Users/arkad/Projects/EDA/my-cpu/registers.vhdl Line: 36
Warning (13012): Latch registers:inst3|REGISTER_A[8] has unsafe behavior File: C:/Users/arkad/Projects/EDA/my-cpu/registers.vhdl Line: 26
    Warning (13013): Ports D and ENA on the latch are fed by the same signal registers:inst3|instruction_register[6] File: C:/Users/arkad/Projects/EDA/my-cpu/registers.vhdl Line: 36
Warning (13012): Latch registers:inst3|REGISTER_A[9] has unsafe behavior File: C:/Users/arkad/Projects/EDA/my-cpu/registers.vhdl Line: 26
    Warning (13013): Ports D and ENA on the latch are fed by the same signal registers:inst3|instruction_register[6] File: C:/Users/arkad/Projects/EDA/my-cpu/registers.vhdl Line: 36
Warning (13012): Latch registers:inst3|REGISTER_A[10] has unsafe behavior File: C:/Users/arkad/Projects/EDA/my-cpu/registers.vhdl Line: 26
    Warning (13013): Ports D and ENA on the latch are fed by the same signal registers:inst3|instruction_register[6] File: C:/Users/arkad/Projects/EDA/my-cpu/registers.vhdl Line: 36
Warning (13012): Latch registers:inst3|REGISTER_A[7] has unsafe behavior File: C:/Users/arkad/Projects/EDA/my-cpu/registers.vhdl Line: 26
    Warning (13013): Ports D and ENA on the latch are fed by the same signal registers:inst3|instruction_register[5] File: C:/Users/arkad/Projects/EDA/my-cpu/registers.vhdl Line: 36
Warning (13012): Latch registers:inst3|REGISTER_B[3] has unsafe behavior File: C:/Users/arkad/Projects/EDA/my-cpu/registers.vhdl Line: 26
    Warning (13013): Ports D and ENA on the latch are fed by the same signal registers:inst3|instruction_register[2] File: C:/Users/arkad/Projects/EDA/my-cpu/registers.vhdl Line: 36
Warning (13012): Latch registers:inst3|REGISTER_B[4] has unsafe behavior File: C:/Users/arkad/Projects/EDA/my-cpu/registers.vhdl Line: 26
    Warning (13013): Ports D and ENA on the latch are fed by the same signal registers:inst3|instruction_register[0] File: C:/Users/arkad/Projects/EDA/my-cpu/registers.vhdl Line: 36
Warning (13012): Latch registers:inst3|REGISTER_B[5] has unsafe behavior File: C:/Users/arkad/Projects/EDA/my-cpu/registers.vhdl Line: 26
    Warning (13013): Ports D and ENA on the latch are fed by the same signal registers:inst3|instruction_register[0] File: C:/Users/arkad/Projects/EDA/my-cpu/registers.vhdl Line: 36
Warning (13012): Latch registers:inst3|REGISTER_B[6] has unsafe behavior File: C:/Users/arkad/Projects/EDA/my-cpu/registers.vhdl Line: 26
    Warning (13013): Ports D and ENA on the latch are fed by the same signal registers:inst3|instruction_register[0] File: C:/Users/arkad/Projects/EDA/my-cpu/registers.vhdl Line: 36
Warning (13012): Latch registers:inst3|REGISTER_B[7] has unsafe behavior File: C:/Users/arkad/Projects/EDA/my-cpu/registers.vhdl Line: 26
    Warning (13013): Ports D and ENA on the latch are fed by the same signal registers:inst3|instruction_register[0] File: C:/Users/arkad/Projects/EDA/my-cpu/registers.vhdl Line: 36
Warning (13012): Latch registers:inst3|REGISTER_B[8] has unsafe behavior File: C:/Users/arkad/Projects/EDA/my-cpu/registers.vhdl Line: 26
    Warning (13013): Ports D and ENA on the latch are fed by the same signal registers:inst3|instruction_register[1] File: C:/Users/arkad/Projects/EDA/my-cpu/registers.vhdl Line: 36
Warning (13012): Latch registers:inst3|REGISTER_B[9] has unsafe behavior File: C:/Users/arkad/Projects/EDA/my-cpu/registers.vhdl Line: 26
    Warning (13013): Ports D and ENA on the latch are fed by the same signal registers:inst3|instruction_register[1] File: C:/Users/arkad/Projects/EDA/my-cpu/registers.vhdl Line: 36
Warning (13012): Latch registers:inst3|REGISTER_B[11] has unsafe behavior File: C:/Users/arkad/Projects/EDA/my-cpu/registers.vhdl Line: 26
    Warning (13013): Ports D and ENA on the latch are fed by the same signal registers:inst3|instruction_register[1] File: C:/Users/arkad/Projects/EDA/my-cpu/registers.vhdl Line: 36
Warning (13012): Latch registers:inst3|REGISTER_B[12] has unsafe behavior File: C:/Users/arkad/Projects/EDA/my-cpu/registers.vhdl Line: 26
    Warning (13013): Ports D and ENA on the latch are fed by the same signal registers:inst3|instruction_register[1] File: C:/Users/arkad/Projects/EDA/my-cpu/registers.vhdl Line: 36
Warning (13012): Latch registers:inst3|REGISTER_B[13] has unsafe behavior File: C:/Users/arkad/Projects/EDA/my-cpu/registers.vhdl Line: 26
    Warning (13013): Ports D and ENA on the latch are fed by the same signal registers:inst3|instruction_register[1] File: C:/Users/arkad/Projects/EDA/my-cpu/registers.vhdl Line: 36
Warning (13012): Latch registers:inst3|REGISTER_B[14] has unsafe behavior File: C:/Users/arkad/Projects/EDA/my-cpu/registers.vhdl Line: 26
    Warning (13013): Ports D and ENA on the latch are fed by the same signal registers:inst3|instruction_register[1] File: C:/Users/arkad/Projects/EDA/my-cpu/registers.vhdl Line: 36
Warning (13012): Latch registers:inst3|REGISTER_B[15] has unsafe behavior File: C:/Users/arkad/Projects/EDA/my-cpu/registers.vhdl Line: 26
    Warning (13013): Ports D and ENA on the latch are fed by the same signal registers:inst3|instruction_register[1] File: C:/Users/arkad/Projects/EDA/my-cpu/registers.vhdl Line: 36
Warning (13012): Latch registers:inst3|REGISTER_B[2] has unsafe behavior File: C:/Users/arkad/Projects/EDA/my-cpu/registers.vhdl Line: 26
    Warning (13013): Ports D and ENA on the latch are fed by the same signal registers:inst3|instruction_register[2] File: C:/Users/arkad/Projects/EDA/my-cpu/registers.vhdl Line: 36
Warning (13012): Latch registers:inst3|REGISTER_A[2] has unsafe behavior File: C:/Users/arkad/Projects/EDA/my-cpu/registers.vhdl Line: 26
    Warning (13013): Ports D and ENA on the latch are fed by the same signal registers:inst3|instruction_register[7] File: C:/Users/arkad/Projects/EDA/my-cpu/registers.vhdl Line: 36
Warning (13012): Latch registers:inst3|REGISTER_A[1] has unsafe behavior File: C:/Users/arkad/Projects/EDA/my-cpu/registers.vhdl Line: 26
    Warning (13013): Ports D and ENA on the latch are fed by the same signal registers:inst3|instruction_register[7] File: C:/Users/arkad/Projects/EDA/my-cpu/registers.vhdl Line: 36
Warning (13012): Latch registers:inst3|REGISTER_A[0] has unsafe behavior File: C:/Users/arkad/Projects/EDA/my-cpu/registers.vhdl Line: 26
    Warning (13013): Ports D and ENA on the latch are fed by the same signal registers:inst3|instruction_register[7] File: C:/Users/arkad/Projects/EDA/my-cpu/registers.vhdl Line: 36
Warning (13012): Latch registers:inst3|REGISTER_A[11] has unsafe behavior File: C:/Users/arkad/Projects/EDA/my-cpu/registers.vhdl Line: 26
    Warning (13013): Ports D and ENA on the latch are fed by the same signal registers:inst3|instruction_register[6] File: C:/Users/arkad/Projects/EDA/my-cpu/registers.vhdl Line: 36
Warning (13012): Latch registers:inst3|REGISTER_A[12] has unsafe behavior File: C:/Users/arkad/Projects/EDA/my-cpu/registers.vhdl Line: 26
    Warning (13013): Ports D and ENA on the latch are fed by the same signal registers:inst3|instruction_register[6] File: C:/Users/arkad/Projects/EDA/my-cpu/registers.vhdl Line: 36
Warning (13012): Latch registers:inst3|REGISTER_A[13] has unsafe behavior File: C:/Users/arkad/Projects/EDA/my-cpu/registers.vhdl Line: 26
    Warning (13013): Ports D and ENA on the latch are fed by the same signal registers:inst3|instruction_register[6] File: C:/Users/arkad/Projects/EDA/my-cpu/registers.vhdl Line: 36
Warning (13012): Latch registers:inst3|REGISTER_A[15] has unsafe behavior File: C:/Users/arkad/Projects/EDA/my-cpu/registers.vhdl Line: 26
    Warning (13013): Ports D and ENA on the latch are fed by the same signal registers:inst3|instruction_register[6] File: C:/Users/arkad/Projects/EDA/my-cpu/registers.vhdl Line: 36
Warning (13012): Latch registers:inst3|REGISTER_A[14] has unsafe behavior File: C:/Users/arkad/Projects/EDA/my-cpu/registers.vhdl Line: 26
    Warning (13013): Ports D and ENA on the latch are fed by the same signal registers:inst3|instruction_register[6] File: C:/Users/arkad/Projects/EDA/my-cpu/registers.vhdl Line: 36
Warning (13024): Output pins are stuck at VCC or GND
    Warning (13410): Pin "WR" is stuck at GND
    Warning (13410): Pin "ADDRESS_BUS[15]" is stuck at GND
    Warning (13410): Pin "ADDRESS_BUS[14]" is stuck at GND
    Warning (13410): Pin "ADDRESS_BUS[13]" is stuck at GND
    Warning (13410): Pin "ADDRESS_BUS[12]" is stuck at GND
    Warning (13410): Pin "ADDRESS_BUS[11]" is stuck at GND
    Warning (13410): Pin "ADDRESS_BUS[10]" is stuck at GND
    Warning (13410): Pin "ADDRESS_BUS[9]" is stuck at GND
    Warning (13410): Pin "ADDRESS_BUS[8]" is stuck at GND
    Warning (13410): Pin "ADDRESS_BUS[7]" is stuck at GND
    Warning (13410): Pin "ADDRESS_BUS[6]" is stuck at GND
    Warning (13410): Pin "ADDRESS_BUS[5]" is stuck at GND
    Warning (13410): Pin "ADDRESS_BUS[4]" is stuck at GND
    Warning (13410): Pin "ADDRESS_BUS[3]" is stuck at GND
    Warning (13410): Pin "ADDRESS_BUS[2]" is stuck at GND
    Warning (13410): Pin "ADDRESS_BUS[1]" is stuck at GND
    Warning (13410): Pin "ADDRESS_BUS[0]" is stuck at GND
    Warning (13410): Pin "DEBUG_ALU_ACTION_ID[1]" is stuck at GND
    Warning (13410): Pin "DEBUG_CU_INSTRUCTION[15]" is stuck at GND
    Warning (13410): Pin "DEBUG_CU_INSTRUCTION[14]" is stuck at GND
    Warning (13410): Pin "DEBUG_CU_INSTRUCTION[13]" is stuck at GND
    Warning (13410): Pin "DEBUG_CU_INSTRUCTION[12]" is stuck at GND
    Warning (13410): Pin "DEBUG_CU_INSTRUCTION[11]" is stuck at GND
    Warning (13410): Pin "DEBUG_CU_INSTRUCTION[10]" is stuck at GND
    Warning (13410): Pin "DEBUG_CU_INSTRUCTION[9]" is stuck at GND
    Warning (13410): Pin "DEBUG_CU_INSTRUCTION[8]" is stuck at GND
    Warning (13410): Pin "DEBUG_CU_INSTRUCTION[7]" is stuck at GND
    Warning (13410): Pin "DEBUG_CU_INSTRUCTION[6]" is stuck at GND
    Warning (13410): Pin "DEBUG_CU_INSTRUCTION[5]" is stuck at GND
    Warning (13410): Pin "DEBUG_CU_INSTRUCTION[4]" is stuck at GND
    Warning (13410): Pin "DEBUG_CU_INSTRUCTION[3]" is stuck at GND
    Warning (13410): Pin "DEBUG_CU_INSTRUCTION[2]" is stuck at GND
    Warning (13410): Pin "DEBUG_CU_INSTRUCTION[1]" is stuck at GND
    Warning (13410): Pin "DEBUG_CU_INSTRUCTION[0]" is stuck at GND
Info (286030): Timing-Driven Synthesis is running
Info (17049): 1 registers lost all their fanouts during netlist optimizations.
Info (16010): Generating hard_block partition "hard_block:auto_generated_inst"
    Info (16011): Adding 0 node(s), including 0 DDIO, 0 PLL, 0 transceiver and 0 LCELL
Info (21057): Implemented 778 device resources after synthesis - the final resource count might be different
    Info (21058): Implemented 2 input pins
    Info (21059): Implemented 37 output pins
    Info (21060): Implemented 32 bidirectional pins
    Info (21061): Implemented 707 logic cells
Info: Quartus Prime Analysis & Synthesis was successful. 0 errors, 172 warnings
    Info: Peak virtual memory: 4888 megabytes
    Info: Processing ended: Wed Jun 05 18:49:00 2019
    Info: Elapsed time: 00:00:59
    Info: Total CPU time (on all processors): 00:00:58


